<?xml version="1.0" encoding="UTF-8"?>
<!-- Generated by org.testng.reporters.JUnitReportReporter -->
<testsuite hostname="Arannita" failures="0" tests="4" name="com.testngcode_2ndApr_2023.DataDriven" time="25.901" errors="0" timestamp="2023-04-07T15:01:05 EDT" skipped="0">
  <testcase classname="com.testngcode_2ndApr_2023.DataDriven" name="loginNinjaTest" time="9.662"/>
  <system-out/>
  <testcase classname="com.testngcode_2ndApr_2023.DataDriven" name="loginNinjaTest" time="5.550"/>
  <system-out/>
  <testcase classname="com.testngcode_2ndApr_2023.DataDriven" name="loginNinjaTest" time="5.359"/>
  <system-out/>
  <testcase classname="com.testngcode_2ndApr_2023.DataDriven" name="loginNinjaTest" time="5.330"/>
  <system-out/>
</testsuite> <!-- com.testngcode_2ndApr_2023.DataDriven -->
