<?xml version="1.0" encoding="UTF-8"?>
<!-- Generated by org.testng.reporters.JUnitReportReporter -->
<testsuite hostname="Arannita" failures="0" tests="6" name="com.testngcode_2ndApr_2023.Assertions" time="45.913" errors="0" timestamp="2023-04-02T15:30:39 EDT" skipped="0">
  <testcase classname="com.testngcode_2ndApr_2023.Assertions" name="verifyNinjaPolicyWarningMessageTest" time="6.904"/>
  <system-out/>
  <testcase classname="com.testngcode_2ndApr_2023.Assertions" name="verifyNinjaFirstNameWarningMessageTest" time="11.839"/>
  <system-out/>
  <testcase classname="com.testngcode_2ndApr_2023.Assertions" name="verifyNinjaLastNameWarningMessageTest" time="6.876"/>
  <system-out/>
  <testcase classname="com.testngcode_2ndApr_2023.Assertions" name="verifyNinjaEmailWarningMessageTest" time="6.682"/>
  <system-out/>
  <testcase classname="com.testngcode_2ndApr_2023.Assertions" name="verifyNinjaTelephoneWarningMessageTest" time="6.668"/>
  <system-out/>
  <testcase classname="com.testngcode_2ndApr_2023.Assertions" name="verifyNinjaPasswordWarningMessageTest" time="6.944"/>
  <system-out/>
</testsuite> <!-- com.testngcode_2ndApr_2023.Assertions -->
