<?xml version="1.0" encoding="UTF-8"?>
<!-- Generated by org.testng.reporters.JUnitReportReporter -->
<testsuite hostname="Arannita" failures="0" tests="1" name="com.automation.Apr_1_2023.automation" time="10.117" errors="0" timestamp="2023-04-01T14:38:01 EDT" skipped="0">
  <testcase classname="com.automation.Apr_1_2023.automation" name="mouseActionsTest" time="10.117"/>
  <system-out/>
</testsuite> <!-- com.automation.Apr_1_2023.automation -->
