<?xml version="1.0" encoding="UTF-8"?>
<!-- Generated by org.testng.reporters.JUnitReportReporter -->
<testsuite hostname="Arannita" failures="0" tests="2" name="revisionclass.TestNG" time="0.006" errors="0" timestamp="2023-04-07T13:23:14 EDT" skipped="0">
  <testcase classname="revisionclass.TestNG" name="testCase2" time="0.002"/>
  <system-out/>
  <testcase classname="revisionclass.TestNG" name="testCase1" time="0.004"/>
  <system-out/>
</testsuite> <!-- revisionclass.TestNG -->
