<?xml version="1.0" encoding="UTF-8"?>
<!-- Generated by org.testng.reporters.JUnitReportReporter -->
<testsuite hostname="Arannita" failures="0" tests="4" name="com.weekend.batch.ADVANCED_MAVEN_PROJECT.TestTutorialsNinjaDemo" time="16.424" errors="0" timestamp="2023-03-18T12:34:22 EDT" skipped="0">
  <testcase classname="com.weekend.batch.ADVANCED_MAVEN_PROJECT.TestTutorialsNinjaDemo" name="clickOnMyAccount" time="3.652"/>
  <system-out/>
  <testcase classname="com.weekend.batch.ADVANCED_MAVEN_PROJECT.TestTutorialsNinjaDemo" name="clickOnLoginLink" time="3.094"/>
  <system-out/>
  <testcase classname="com.weekend.batch.ADVANCED_MAVEN_PROJECT.TestTutorialsNinjaDemo" name="enterLoginCredentials" time="3.841"/>
  <system-out/>
  <testcase classname="com.weekend.batch.ADVANCED_MAVEN_PROJECT.TestTutorialsNinjaDemo" name="clickOnLogoutLink" time="5.837"/>
  <system-out/>
</testsuite> <!-- com.weekend.batch.ADVANCED_MAVEN_PROJECT.TestTutorialsNinjaDemo -->
